{
  "stats": {
    "suites": 1,
    "tests": 12,
    "passes": 11,
    "pending": 0,
    "failures": 1,
    "start": "2020-04-10T10:14:36.572Z",
    "end": "2020-04-10T10:21:20.972Z",
    "duration": 404400,
    "testsRegistered": 12,
    "passPercent": 91.66666666666666,
    "pendingPercent": 0,
    "other": 0,
    "hasOther": false,
    "skipped": 0,
    "hasSkipped": false
  },
  "results": [
    {
      "uuid": "2360cfad-946c-458f-a780-79ed84b7e1aa",
      "title": "",
      "fullFile": "",
      "file": "",
      "beforeHooks": [],
      "afterHooks": [],
      "tests": [],
      "suites": [
        {
          "uuid": "190a3654-86de-4c2c-a8e5-163cfd3c9f9c",
          "title": "Edit Profile Test",
          "fullFile": "C:\\Users\\Heba\\Documents\\GitHub\\Testing-Team\\Functionalities\\AccountOverviewTest.js",
          "file": "\\AccountOverviewTest.js",
          "beforeHooks": [
            {
              "title": "\"before each\" hook: Open profile and go to edit proile page",
              "fullTitle": "Edit Profile Test \"before each\" hook: Open profile and go to edit proile page",
              "timedOut": false,
              "duration": 14673,
              "state": null,
              "speed": null,
              "pass": false,
              "fail": false,
              "pending": false,
              "context": null,
              "code": "await driver.get('http://52.14.190.202:3000/');\nawait driver.sleep(5000);\nawait driver.findElement(By.xpath(Selectors.LoginButtonHomeScreenXpath)).click()\nawait driver.sleep(3000);\nawait driver.findElement(By.xpath(Selectors.LoginPageEmailAddressXpath)).sendKeys(TestPerson.EditProfileCurrentEmailAddress);\nawait driver.findElement(By.xpath(Selectors.LoginPagePasswordXpath)).sendKeys(TestPerson.EditProfileCurrentEmailPassword);\nawait driver.findElement(By.xpath(Selectors.LoginPageLoginButtonXpath)).click();\nawait driver.sleep(5000);\nCheckstring = await driver.findElement(By.xpath(Selectors.AccountOverviewHeaderXpath)).getText();\nexpect(Checkstring).to.equal('Account overview');",
              "err": {},
              "uuid": "075819c6-d06e-4cc7-9529-ac41c4ed86c2",
              "parentUUID": "190a3654-86de-4c2c-a8e5-163cfd3c9f9c",
              "isHook": true,
              "skipped": false
            }
          ],
          "afterHooks": [
            {
              "title": "\"after all\" hook",
              "fullTitle": "Edit Profile Test \"after all\" hook",
              "timedOut": false,
              "duration": 3621,
              "state": null,
              "speed": null,
              "pass": false,
              "fail": false,
              "pending": false,
              "context": null,
              "code": "driver.quit()",
              "err": {},
              "uuid": "b6022fe8-29c6-4d82-8d11-dbe7bbdb6f4f",
              "parentUUID": "190a3654-86de-4c2c-a8e5-163cfd3c9f9c",
              "isHook": true,
              "skipped": false
            },
            {
              "title": "\"after each\" hook: Log out from profile and close the broswer",
              "fullTitle": "Edit Profile Test \"after each\" hook: Log out from profile and close the broswer",
              "timedOut": false,
              "duration": 8496,
              "state": null,
              "speed": null,
              "pass": false,
              "fail": false,
              "pending": false,
              "context": null,
              "code": "await driver.sleep(3000);\nawait driver.findElement(By.xpath(Selectors.ProfileDropDownlistXpath)).click();\nawait driver.sleep(1000);\nawait driver.findElement(By.xpath(Selectors.ProfileDropDownlistLogOutXpath)).click();\nawait driver.sleep(3000);",
              "err": {},
              "uuid": "45590292-e38f-45df-a2be-c3935ec999aa",
              "parentUUID": "190a3654-86de-4c2c-a8e5-163cfd3c9f9c",
              "isHook": true,
              "skipped": false
            }
          ],
          "tests": [
            {
              "title": "should check if the info exist",
              "fullTitle": "Edit Profile Test should check if the info exist",
              "timedOut": false,
              "duration": 3036,
              "state": "passed",
              "speed": "slow",
              "pass": true,
              "fail": false,
              "pending": false,
              "context": null,
              "code": "Checkstring = await driver.findElement(By.xpath(Selectors.AccountOverviewEmailXpath)).getText();\nexpect(Checkstring).to.equal(TestPerson.EditProfileCurrentEmailAddress);\nCheckstring = await driver.findElement(By.xpath(Selectors.AccountOverviewUsernameXpath)).getText();\nexpect(Checkstring).to.equal(TestPerson.EditProfileCurrentUsername);\nCheckstring = await driver.findElement(By.xpath(Selectors.AccountOverviewGenderXpath)).getText();\nexpect(Checkstring).to.equal(TestPerson.EditProfileCurrentGender);\nCheckstring = await driver.findElement(By.xpath(Selectors.AccountOverviewBirthdateXpath)).getText();\nexpect(Checkstring).to.equal(TestPerson.EditProfileCurrenDateOfbirth);\nawait driver.sleep(3000);",
              "err": {},
              "uuid": "98990c6b-688e-47cf-9273-41803e1006ce",
              "parentUUID": "190a3654-86de-4c2c-a8e5-163cfd3c9f9c",
              "isHook": false,
              "skipped": false
            },
            {
              "title": "should reload the page then check if the info still exist",
              "fullTitle": "Edit Profile Test should reload the page then check if the info still exist",
              "timedOut": false,
              "duration": 10142,
              "state": "passed",
              "speed": "slow",
              "pass": true,
              "fail": false,
              "pending": false,
              "context": null,
              "code": "await driver.navigate().refresh();\nawait driver.sleep(3000);\nCheckstring = await driver.findElement(By.xpath(Selectors.AccountOverviewEmailXpath)).getText();\nexpect(Checkstring).to.equal(TestPerson.EditProfileCurrentEmailAddress);\nCheckstring = await driver.findElement(By.xpath(Selectors.AccountOverviewUsernameXpath)).getText();\nexpect(Checkstring).to.equal(TestPerson.EditProfileCurrentUsername);\nCheckstring = await driver.findElement(By.xpath(Selectors.AccountOverviewGenderXpath)).getText();\nexpect(Checkstring).to.equal(TestPerson.EditProfileCurrentGender);\nCheckstring = await driver.findElement(By.xpath(Selectors.AccountOverviewBirthdateXpath)).getText();\nexpect(Checkstring).to.equal(TestPerson.EditProfileCurrenDateOfbirth);\nawait driver.sleep(3000);",
              "err": {},
              "uuid": "4205ddda-01a0-4cf9-b817-5c4c08435c8b",
              "parentUUID": "190a3654-86de-4c2c-a8e5-163cfd3c9f9c",
              "isHook": false,
              "skipped": false
            },
            {
              "title": "should test edit profile button",
              "fullTitle": "Edit Profile Test should test edit profile button",
              "timedOut": false,
              "duration": 9933,
              "state": "passed",
              "speed": "slow",
              "pass": true,
              "fail": false,
              "pending": false,
              "context": null,
              "code": "await driver.sleep(3000);\nawait (await driver.findElement(By.xpath(Selectors.EditProfileButtonXpath2))).click();\nawait driver.sleep(3000);\nCheckstring = await driver.findElement(By.xpath(Selectors.EditProfilePageHeaderXpath)).getText();\nexpect(Checkstring).to.equal('Edit Profile');\nCheckstring = await driver.findElement(By.xpath(Selectors.EditProfileEmailXpath)).getText();\nexpect(Checkstring).to.equal(TestPerson.EditProfileCurrentEmailAddress);\nCheckstring = await driver.findElement(By.xpath(Selectors.EditProfileUsernameXpath)).getAttribute(\"value\");\nexpect(Checkstring).to.equal(TestPerson.EditProfileCurrentUsername);\nawait driver.sleep(3000);",
              "err": {},
              "uuid": "50b3337f-80af-473e-ac9f-694318704412",
              "parentUUID": "190a3654-86de-4c2c-a8e5-163cfd3c9f9c",
              "isHook": false,
              "skipped": false
            },
            {
              "title": "should test set password button",
              "fullTitle": "Edit Profile Test should test set password button",
              "timedOut": false,
              "duration": 8273,
              "state": "passed",
              "speed": "slow",
              "pass": true,
              "fail": false,
              "pending": false,
              "context": null,
              "code": "await driver.sleep(3000);\nawait driver.findElement(By.xpath(Selectors.SetDevicePasswordXpath)).click();\nawait driver.sleep(5000);\nCheckstring = await driver.findElement(By.xpath(Selectors.SetDevicePasswordHeaderXpath)).getText();\nexpect(Checkstring).to.equal('Set device Password');",
              "err": {},
              "uuid": "3a0ac0db-2342-4471-a3bc-0cb1a98fb40e",
              "parentUUID": "190a3654-86de-4c2c-a8e5-163cfd3c9f9c",
              "isHook": false,
              "skipped": false
            },
            {
              "title": "should test Spotify logo in the footer",
              "fullTitle": "Edit Profile Test should test Spotify logo in the footer",
              "timedOut": false,
              "duration": 7324,
              "state": "passed",
              "speed": "slow",
              "pass": true,
              "fail": false,
              "pending": false,
              "context": null,
              "code": "await driver.sleep(3000);\nawait (await driver.findElement(By.xpath(Selectors.SpotifyLogoFooter))).click();\nawait driver.sleep(3000);\nCheckstring = await driver.findElement(By.xpath(Selectors.HomeScreenMusiceForEveryOneXpath)).getText();\nexpect(Checkstring).to.equal('Music For Everyone.');",
              "err": {},
              "uuid": "b431c82b-1e1f-444d-845c-51b608835aa9",
              "parentUUID": "190a3654-86de-4c2c-a8e5-163cfd3c9f9c",
              "isHook": false,
              "skipped": false
            },
            {
              "title": "should test Help button in the footer",
              "fullTitle": "Edit Profile Test should test Help button in the footer",
              "timedOut": false,
              "duration": 8689,
              "state": "passed",
              "speed": "slow",
              "pass": true,
              "fail": false,
              "pending": false,
              "context": null,
              "code": "await driver.sleep(3000);\nawait (await driver.findElement(By.xpath(Selectors.HelpButtonFooterXpath))).click();\nawait driver.sleep(3000);\nCheckstring = await driver.findElement(By.xpath(Selectors.HelpPageHeaderXpath)).getText();\nexpect(Checkstring).to.equal('How can we help you?');",
              "err": {},
              "uuid": "bcdf53ab-abdc-4e91-9d48-b99ae47faaf1",
              "parentUUID": "190a3654-86de-4c2c-a8e5-163cfd3c9f9c",
              "isHook": false,
              "skipped": false
            },
            {
              "title": "should test Help button in the header",
              "fullTitle": "Edit Profile Test should test Help button in the header",
              "timedOut": false,
              "duration": 6330,
              "state": "passed",
              "speed": "slow",
              "pass": true,
              "fail": false,
              "pending": false,
              "context": null,
              "code": "await driver.sleep(3000);\nawait (await driver.findElement(By.xpath(Selectors.HelpButtonHeaderXpath))).click();\nawait driver.sleep(3000);\nCheckstring = await driver.findElement(By.xpath(Selectors.HelpPageHeaderXpath)).getText();\nexpect(Checkstring).to.equal('How can we help you?');",
              "err": {},
              "uuid": "93a46c25-7ef1-4ca3-9d43-e91d0a4f67ee",
              "parentUUID": "190a3654-86de-4c2c-a8e5-163cfd3c9f9c",
              "isHook": false,
              "skipped": false
            },
            {
              "title": "should test Web Player button in the footer",
              "fullTitle": "Edit Profile Test should test Web Player button in the footer",
              "timedOut": false,
              "duration": 7995,
              "state": "failed",
              "speed": null,
              "pass": false,
              "fail": true,
              "pending": false,
              "context": null,
              "code": "await driver.sleep(3000);\nawait (await driver.findElement(By.xpath(Selectors.WebPlayerButtonFooterXpath))).click();\nawait driver.sleep(3000);\nCheckstring = await driver.findElement(By.xpath(Selectors.WebPlayerRecentlyPlayedHeaderXpath)).getText();\nexpect(Checkstring).to.equal('Recently played');\nawait (await driver.findElement(By.xpath(Selectors.WebPlayerXpathDropDownlistXpath))).click();\nawait driver.sleep(3000);\nawait (await driver.findElement(By.xpath(Selectors.WebPlayerDropDownlistProfileXpath))).click();\nawait driver.sleep(3000);",
              "err": {
                "message": "NoSuchElementError: Unable to locate element: //*[@id=\"homepage-body\"]/div[1]/div[1]/h1",
                "estack": "NoSuchElementError: Unable to locate element: //*[@id=\"homepage-body\"]/div[1]/div[1]/h1\n    at Object.throwDecodedError (C:\\Users\\Heba\\Documents\\GitHub\\Testing-Team\\node_modules\\selenium-webdriver\\lib\\error.js:550:15)\n    at parseHttpResponse (C:\\Users\\Heba\\Documents\\GitHub\\Testing-Team\\node_modules\\selenium-webdriver\\lib\\http.js:565:13)\n    at Executor.execute (C:\\Users\\Heba\\Documents\\GitHub\\Testing-Team\\node_modules\\selenium-webdriver\\lib\\http.js:491:26)\n    at processTicksAndRejections (internal/process/task_queues.js:97:5)\n    at async thenableWebDriverProxy.execute (C:\\Users\\Heba\\Documents\\GitHub\\Testing-Team\\node_modules\\selenium-webdriver\\lib\\webdriver.js:700:17)\n    at async toWireValue (C:\\Users\\Heba\\Documents\\GitHub\\Testing-Team\\node_modules\\selenium-webdriver\\lib\\webdriver.js:139:15)\n    at async C:\\Users\\Heba\\Documents\\GitHub\\Testing-Team\\node_modules\\selenium-webdriver\\lib\\webdriver.js:190:16\n    at async forEachKey (C:\\Users\\Heba\\Documents\\GitHub\\Testing-Team\\node_modules\\selenium-webdriver\\lib\\webdriver.js:184:9)\n    at async convertKeys (C:\\Users\\Heba\\Documents\\GitHub\\Testing-Team\\node_modules\\selenium-webdriver\\lib\\webdriver.js:189:3)\n    at async thenableWebDriverProxy.execute (C:\\Users\\Heba\\Documents\\GitHub\\Testing-Team\\node_modules\\selenium-webdriver\\lib\\webdriver.js:698:22)\n    at async Context.<anonymous> (AccountOverviewTest.js:101:23)",
                "diff": null
              },
              "uuid": "1e59b327-31b7-4965-a229-32ddc5715f60",
              "parentUUID": "190a3654-86de-4c2c-a8e5-163cfd3c9f9c",
              "isHook": false,
              "skipped": false
            },
            {
              "title": "should test Web Player button in the header",
              "fullTitle": "Edit Profile Test should test Web Player button in the header",
              "timedOut": false,
              "duration": 14439,
              "state": "passed",
              "speed": "slow",
              "pass": true,
              "fail": false,
              "pending": false,
              "context": null,
              "code": "await driver.sleep(3000);\nawait (await driver.findElement(By.xpath(Selectors.WebPlayerButtonHeaderXpath))).click();\nawait driver.sleep(3000);\nCheckstring = await driver.findElement(By.xpath(Selectors.WebPlayerRecentlyPlayedHeaderXpath)).getText();\nexpect(Checkstring).to.equal('Recently played');\nawait (await driver.findElement(By.xpath(Selectors.WebPlayerXpathDropDownlistXpath))).click();\nawait driver.sleep(3000);\nawait (await driver.findElement(By.xpath(Selectors.WebPlayerDropDownlistProfileXpath))).click();\nawait driver.sleep(3000);",
              "err": {},
              "uuid": "6b54991d-ba54-4ff4-a446-141b00afef6a",
              "parentUUID": "190a3654-86de-4c2c-a8e5-163cfd3c9f9c",
              "isHook": false,
              "skipped": false
            },
            {
              "title": "should test Facebook button in the footer(no link yet)",
              "fullTitle": "Edit Profile Test should test Facebook button in the footer(no link yet)",
              "timedOut": false,
              "duration": 6030,
              "state": "passed",
              "speed": "slow",
              "pass": true,
              "fail": false,
              "pending": false,
              "context": null,
              "code": "await driver.sleep(3000);\nawait (await driver.findElement(By.xpath(Selectors.FacebookButtonFooterXpath))).click();\nawait driver.sleep(3000);\n//Checkstring = await driver.findElement(By.xpath(Selectors.HelpPageHeaderXpath)).getText();\n//expect(Checkstring).to.equal('How can we help you?');",
              "err": {},
              "uuid": "545e808c-2278-4149-bba0-c10bb6dcbce0",
              "parentUUID": "190a3654-86de-4c2c-a8e5-163cfd3c9f9c",
              "isHook": false,
              "skipped": false
            },
            {
              "title": "should test Premium button in the header",
              "fullTitle": "Edit Profile Test should test Premium button in the header",
              "timedOut": false,
              "duration": 7552,
              "state": "passed",
              "speed": "slow",
              "pass": true,
              "fail": false,
              "pending": false,
              "context": null,
              "code": "await driver.sleep(3000);\nawait (await driver.findElement(By.xpath(Selectors.PremiumButtonHeaderXpath))).click();\nawait driver.sleep(3000);\nCheckstring = await driver.findElement(By.xpath(Selectors.PremiumPageHeaderXpath)).getText();\nexpect(Checkstring).to.equal('Get Premium free for 1 month');",
              "err": {},
              "uuid": "00e900e2-bccf-438f-b365-8a3b324a5207",
              "parentUUID": "190a3654-86de-4c2c-a8e5-163cfd3c9f9c",
              "isHook": false,
              "skipped": false
            },
            {
              "title": "should test Spotify logo in the header",
              "fullTitle": "Edit Profile Test should test Spotify logo in the header",
              "timedOut": false,
              "duration": 6257,
              "state": "passed",
              "speed": "slow",
              "pass": true,
              "fail": false,
              "pending": false,
              "context": null,
              "code": "await driver.sleep(3000);\nawait (await driver.findElement(By.xpath(Selectors.SpotifyLogoHeader))).click();\nawait driver.sleep(3000);\nCheckstring = await driver.findElement(By.xpath(Selectors.HomeScreenMusiceForEveryOneXpath)).getText();\nexpect(Checkstring).to.equal('Music For Everyone.');",
              "err": {},
              "uuid": "c532ef70-bc71-4c0b-bb71-ba5a28aa21cb",
              "parentUUID": "190a3654-86de-4c2c-a8e5-163cfd3c9f9c",
              "isHook": false,
              "skipped": false
            }
          ],
          "suites": [],
          "passes": [
            "98990c6b-688e-47cf-9273-41803e1006ce",
            "4205ddda-01a0-4cf9-b817-5c4c08435c8b",
            "50b3337f-80af-473e-ac9f-694318704412",
            "3a0ac0db-2342-4471-a3bc-0cb1a98fb40e",
            "b431c82b-1e1f-444d-845c-51b608835aa9",
            "bcdf53ab-abdc-4e91-9d48-b99ae47faaf1",
            "93a46c25-7ef1-4ca3-9d43-e91d0a4f67ee",
            "6b54991d-ba54-4ff4-a446-141b00afef6a",
            "545e808c-2278-4149-bba0-c10bb6dcbce0",
            "00e900e2-bccf-438f-b365-8a3b324a5207",
            "c532ef70-bc71-4c0b-bb71-ba5a28aa21cb"
          ],
          "failures": [
            "1e59b327-31b7-4965-a229-32ddc5715f60"
          ],
          "pending": [],
          "skipped": [],
          "duration": 96000,
          "root": false,
          "rootEmpty": false,
          "_timeout": 1500000000
        }
      ],
      "passes": [],
      "failures": [],
      "pending": [],
      "skipped": [],
      "duration": 0,
      "root": true,
      "rootEmpty": true,
      "_timeout": 2000
    }
  ],
  "meta": {
    "mocha": {
      "version": "7.1.0"
    },
    "mochawesome": {
      "options": {
        "quiet": false,
        "reportFilename": "mochawesome",
        "saveHtml": true,
        "saveJson": true,
        "consoleReporter": "spec",
        "useInlineDiffs": false,
        "code": true
      },
      "version": "5.0.0"
    },
    "marge": {
      "options": null,
      "version": "4.1.0"
    }
  }
}